
module.js:340
    throw err;
          ^
Error: Cannot find module '/Users/Vodalok/Parallelformosa/server/game-server/Spider/spider.js'
    at Function.Module._resolveFilename (module.js:338:15)
    at Function.Module._load (module.js:280:25)
    at Function.Module.runMain (module.js:497:10)
    at startup (node.js:119:16)
    at node.js:906:3

module.js:340
    throw err;
          ^
Error: Cannot find module 'crawler'
    at Function.Module._resolveFilename (module.js:338:15)
    at Function.Module._load (module.js:280:25)
    at Module.require (module.js:364:17)
    at require (module.js:380:17)
    at Object.<anonymous> (/Users/Vodalok/Parallelformosa/server/Spider/spider.js:4:15)
    at Module._compile (module.js:456:26)
    at Object.Module._extensions..js (module.js:474:10)
    at Module.load (module.js:356:32)
    at Function.Module._load (module.js:312:12)
    at Function.Module.runMain (module.js:497:10)

events.js:72
        throw er; // Unhandled 'error' event
              ^
Error: read ECONNRESET
    at errnoException (net.js:904:11)
    at TCP.onread (net.js:558:19)
