[2014-08-14 03:06:09.268] [INFO] crash-log - [32m[/Users/Vodalok/Parallelformosa/Parallelformosa_Cocos2dx/server/game-server/node_modules/pomelo/lib/master/master.js] [39m[auth],[auth-server-1],[1407949569268],[disconnect]
[2014-08-14 03:06:09.273] [INFO] crash-log - [32m[/Users/Vodalok/Parallelformosa/Parallelformosa_Cocos2dx/server/game-server/node_modules/pomelo/lib/master/master.js] [39m[gate],[gate-server-1],[1407949569273],[disconnect]
[2014-08-17 16:46:12.053] [INFO] crash-log - [32m[/Users/Vodalok/Parallelformosa/Parallelformosa_Cocos2dx/server/game-server/node_modules/pomelo/lib/master/master.js] [39m[auth],[auth-server-1],[1408257972053],[disconnect]
[2014-08-17 16:55:14.635] [INFO] crash-log - [32m[/Users/Vodalok/Parallelformosa/Parallelformosa_Cocos2dx/server/game-server/node_modules/pomelo/lib/master/master.js] [39m[auth],[auth-server-1],[1408258514635],[disconnect]
[2014-08-17 16:56:14.639] [INFO] crash-log - [32m[/Users/Vodalok/Parallelformosa/Parallelformosa_Cocos2dx/server/game-server/node_modules/pomelo/lib/master/master.js] [39m[gate],[gate-server-1],[1408258574639],[disconnect]
[2014-08-17 17:42:38.329] [INFO] crash-log - [32m[/Users/Vodalok/Parallelformosa/Parallelformosa_Cocos2dx/server/game-server/node_modules/pomelo/lib/master/master.js] [39m[auth],[auth-server-1],[1408261358329],[disconnect]
[2014-08-17 20:30:17.664] [INFO] crash-log - [32m[/Users/Vodalok/Parallelformosa/Parallelformosa_Cocos2dx/server/game-server/node_modules/pomelo/lib/master/master.js] [39m[auth],[auth-server-1],[1408271417664],[disconnect]
[2014-08-17 20:31:17.666] [INFO] crash-log - [32m[/Users/Vodalok/Parallelformosa/Parallelformosa_Cocos2dx/server/game-server/node_modules/pomelo/lib/master/master.js] [39m[gate],[gate-server-1],[1408271477666],[disconnect]
[2014-08-17 20:48:04.630] [INFO] crash-log - [32m[/Users/Vodalok/Parallelformosa/Parallelformosa_Cocos2dx/server/game-server/node_modules/pomelo/lib/master/master.js] [39m[gate],[gate-server-1],[1408272484630],[disconnect]
[2014-08-17 20:49:43.655] [INFO] crash-log - [32m[/Users/Vodalok/Parallelformosa/Parallelformosa_Cocos2dx/server/game-server/node_modules/pomelo/lib/master/master.js] [39m[auth],[auth-server-1],[1408272583655],[disconnect]
[2014-08-17 22:21:29.119] [INFO] crash-log - [32m[/Users/Vodalok/Parallelformosa/Parallelformosa_Cocos2dx/server/game-server/node_modules/pomelo/lib/master/master.js] [39m[auth],[auth-server-1],[1408278089119],[disconnect]
[2014-08-17 22:22:59.668] [INFO] crash-log - [32m[/Users/Vodalok/Parallelformosa/Parallelformosa_Cocos2dx/server/game-server/node_modules/pomelo/lib/master/master.js] [39m[auth],[auth-server-1],[1408278179668],[disconnect]
[2014-08-17 22:24:27.455] [INFO] crash-log - [32m[/Users/Vodalok/Parallelformosa/Parallelformosa_Cocos2dx/server/game-server/node_modules/pomelo/lib/master/master.js] [39m[gate],[gate-server-1],[1408278267455],[disconnect]
[2014-08-17 22:35:33.293] [INFO] crash-log - [32m[/Users/Vodalok/Parallelformosa/Parallelformosa_Cocos2dx/server/game-server/node_modules/pomelo/lib/master/master.js] [39m[gate],[gate-server-1],[1408278933293],[disconnect]
[2014-08-17 22:39:31.661] [INFO] crash-log - [32m[/Users/Vodalok/Parallelformosa/Parallelformosa_Cocos2dx/server/game-server/node_modules/pomelo/lib/master/master.js] [39m[auth],[auth-server-1],[1408279171661],[disconnect]
[2014-08-17 22:40:31.664] [INFO] crash-log - [32m[/Users/Vodalok/Parallelformosa/Parallelformosa_Cocos2dx/server/game-server/node_modules/pomelo/lib/master/master.js] [39m[gate],[gate-server-1],[1408279231663],[disconnect]
[2014-08-17 23:47:26.560] [INFO] crash-log - [32m[/Users/Vodalok/Parallelformosa/Parallelformosa_Cocos2dx/server/game-server/node_modules/pomelo/lib/master/master.js] [39m[auth],[auth-server-1],[1408283246560],[disconnect]
[2014-08-17 23:48:26.562] [INFO] crash-log - [32m[/Users/Vodalok/Parallelformosa/Parallelformosa_Cocos2dx/server/game-server/node_modules/pomelo/lib/master/master.js] [39m[gate],[gate-server-1],[1408283306562],[disconnect]
[2014-08-19 00:58:15.644] [INFO] crash-log - [32m[/Users/Vodalok/Parallelformosa/Parallelformosa_Cocos2dx/server/game-server/node_modules/pomelo/lib/master/master.js] [39m[auth],[auth-server-1],[1408373895644],[disconnect]
[2014-08-20 15:49:53.084] [INFO] crash-log - [32m[/Users/Vodalok/Parallelformosa/Parallelformosa_Cocos2dx/server/game-server/node_modules/pomelo/lib/master/master.js] [39m[master],[master-server-1],[1408513793084],[disconnect]
[2014-08-20 21:11:14.083] [INFO] crash-log - [32m[/Users/Vodalok/Parallelformosa/Parallelformosa_Cocos2dx/server/game-server/node_modules/pomelo/lib/master/master.js] [39m[auth],[auth-server-1],[1408533074083],[disconnect]
[2014-08-21 16:21:24.619] [INFO] crash-log - [32m[/Users/Vodalok/Parallelformosa/Parallelformosa_Cocos2dx/server/game-server/node_modules/pomelo/lib/master/master.js] [39m[gate],[gate-server-1],[1408602084619],[disconnect]
[2014-08-28 17:59:36.579] [INFO] crash-log - [32m[/Users/Vodalok/Parallelformosa/server/game-server/node_modules/pomelo/lib/master/master.js] [39m[auth],[auth-server-1],[1409219976579],[disconnect]
[2014-08-28 18:00:36.580] [INFO] crash-log - [32m[/Users/Vodalok/Parallelformosa/server/game-server/node_modules/pomelo/lib/master/master.js] [39m[gate],[gate-server-1],[1409220036580],[disconnect]
[2014-08-29 15:11:34.347] [INFO] crash-log - [32m[/Users/Vodalok/Parallelformosa/server/game-server/node_modules/pomelo/lib/master/master.js] [39m[auth],[auth-server-1],[1409296294346],[disconnect]
[2014-09-01 13:24:55.983] [INFO] crash-log - [32m[/Users/Vodalok/Parallelformosa/server/game-server/node_modules/pomelo/lib/master/master.js] [39m[auth],[auth-server-1],[1409549095983],[disconnect]
[2014-09-02 02:10:03.639] [INFO] crash-log - [32m[/Users/Vodalok/Parallelformosa/server/game-server/node_modules/pomelo/lib/master/master.js] [39m[master],[master-server-1],[1409595003638],[disconnect]
[2014-09-02 02:38:59.630] [INFO] crash-log - [32m[/Users/Vodalok/Parallelformosa/server/game-server/node_modules/pomelo/lib/master/master.js] [39m[gate],[gate-server-1],[1409596739630],[disconnect]
[2014-09-02 02:39:00.122] [INFO] crash-log - [32m[/Users/Vodalok/Parallelformosa/server/game-server/node_modules/pomelo/lib/master/master.js] [39m[master],[master-server-1],[1409596740122],[disconnect]
[2014-09-02 05:49:40.286] [INFO] crash-log - [32m[/Users/Vodalok/Parallelformosa/server/game-server/node_modules/pomelo/lib/master/master.js] [39m[gate],[gate-server-1],[1409608180286],[disconnect]
[2014-09-02 05:49:40.288] [INFO] crash-log - [32m[/Users/Vodalok/Parallelformosa/server/game-server/node_modules/pomelo/lib/master/master.js] [39m[master],[master-server-1],[1409608180288],[disconnect]
[2014-09-02 10:20:20.957] [INFO] crash-log - [32m[/Users/Vodalok/Parallelformosa/server/game-server/node_modules/pomelo/lib/master/master.js] [39m[master],[master-server-1],[1409624420957],[disconnect]
[2014-09-02 10:20:20.958] [INFO] crash-log - [32m[/Users/Vodalok/Parallelformosa/server/game-server/node_modules/pomelo/lib/master/master.js] [39m[gate],[gate-server-1],[1409624420958],[disconnect]
[2014-09-02 10:20:20.959] [INFO] crash-log - [32m[/Users/Vodalok/Parallelformosa/server/game-server/node_modules/pomelo/lib/master/master.js] [39m[auth],[auth-server-1],[1409624420959],[disconnect]
[2014-09-02 14:40:07.886] [INFO] crash-log - [32m[/Users/Vodalok/Parallelformosa/server/game-server/node_modules/pomelo/lib/master/master.js] [39m[master],[master-server-1],[1409640007886],[disconnect]
[2014-09-02 14:40:07.887] [INFO] crash-log - [32m[/Users/Vodalok/Parallelformosa/server/game-server/node_modules/pomelo/lib/master/master.js] [39m[gate],[gate-server-1],[1409640007887],[disconnect]
[2014-09-02 14:40:07.888] [INFO] crash-log - [32m[/Users/Vodalok/Parallelformosa/server/game-server/node_modules/pomelo/lib/master/master.js] [39m[auth],[auth-server-1],[1409640007888],[disconnect]
[2014-09-05 07:40:23.557] [INFO] crash-log - [32m[/Users/Vodalok/Parallelformosa/server/game-server/node_modules/pomelo/lib/master/master.js] [39m[gate],[gate-server-1],[1409874023557],[disconnect]
[2014-09-05 11:59:55.418] [INFO] crash-log - [32m[/Users/Vodalok/Parallelformosa/server/game-server/node_modules/pomelo/lib/master/master.js] [39m[gate],[gate-server-1],[1409889595417],[disconnect]
[2014-09-05 11:59:55.419] [INFO] crash-log - [32m[/Users/Vodalok/Parallelformosa/server/game-server/node_modules/pomelo/lib/master/master.js] [39m[master],[master-server-1],[1409889595419],[disconnect]
[2014-09-05 11:59:55.421] [INFO] crash-log - [32m[/Users/Vodalok/Parallelformosa/server/game-server/node_modules/pomelo/lib/master/master.js] [39m[auth],[auth-server-1],[1409889595420],[disconnect]
[2014-09-05 20:36:01.831] [INFO] crash-log - [32m[/Users/Vodalok/Parallelformosa/server/game-server/node_modules/pomelo/lib/master/master.js] [39m[gate],[gate-server-1],[1409920561831],[disconnect]
[2014-09-05 20:58:33.681] [INFO] crash-log - [32m[/Users/Vodalok/Parallelformosa/server/game-server/node_modules/pomelo/lib/master/master.js] [39m[gate],[gate-server-1],[1409921913681],[disconnect]
[2014-09-05 21:05:50.670] [INFO] crash-log - [32m[/Users/Vodalok/Parallelformosa/server/game-server/node_modules/pomelo/lib/master/master.js] [39m[gate],[gate-server-1],[1409922350670],[disconnect]
[2014-09-06 16:23:23.089] [INFO] crash-log - [32m[/Users/Vodalok/Parallelformosa/server/game-server/node_modules/pomelo/lib/master/master.js] [39m[gate],[gate-server-1],[1409991803089],[disconnect]
[2014-09-06 16:33:42.525] [INFO] crash-log - [32m[/Users/Vodalok/Parallelformosa/server/game-server/node_modules/pomelo/lib/master/master.js] [39m[gate],[gate-server-1],[1409992422525],[disconnect]
[2014-09-06 16:39:06.386] [INFO] crash-log - [32m[/Users/Vodalok/Parallelformosa/server/game-server/node_modules/pomelo/lib/master/master.js] [39m[gate],[gate-server-1],[1409992746386],[disconnect]
[2014-09-06 16:47:09.370] [INFO] crash-log - [32m[/Users/Vodalok/Parallelformosa/server/game-server/node_modules/pomelo/lib/master/master.js] [39m[auth],[auth-server-1],[1409993229370],[disconnect]
[2014-09-06 16:52:47.307] [INFO] crash-log - [32m[/Users/Vodalok/Parallelformosa/server/game-server/node_modules/pomelo/lib/master/master.js] [39m[gate],[gate-server-1],[1409993567307],[disconnect]
